# JRE version: OpenJDK Runtime Environment Temurin-21.0.10+7 (21.0.10+7) (build 21.0.10+7-LTS)
# Java VM: OpenJDK 64-Bit Server VM Temurin-21.0.10+7 (21.0.10+7-LTS, mixed mode, sharing, tiered, compressed oops, compressed class ptrs, parallel gc, windows-amd64)
GC Precious Log:
 CardTable entry size: 512
 CPUs: 12 total, 12 available
 Memory: 7518M
 Large Page Support: Disabled
 NUMA Support: Disabled
 Compressed Oops: Enabled (32-bit)
 Alignments: Space 512K, Generation 512K, Heap 2M
 Heap Min Capacity: 100M
 Heap Initial Capacity: 100M
 Heap Max Capacity: 2G
 Pre-touch: Disabled
 Parallel Workers: 10
Heap:
 PSYoungGen      total 18432K, used 5917K [0x00000000d5580000, 0x00000000d6f00000, 0x0000000100000000)
  eden space 14848K, 15% used [0x00000000d5580000,0x00000000d57cf798,0x00000000d6400000)
  from space 3584K, 99% used [0x00000000d6980000,0x00000000d6cf8010,0x00000000d6d00000)
  to   space 5632K, 0% used [0x00000000d6400000,0x00000000d6400000,0x00000000d6980000)
 ParOldGen       total 1227776K, used 1227592K [0x0000000080000000, 0x00000000caf00000, 0x00000000d5580000)
  object space 1227776K, 99% used [0x0000000080000000,0x00000000caed2370,0x00000000caf00000)
 Metaspace       used 100769K, committed 102848K, reserved 1179648K
  class space    used 13206K, committed 14144K, reserved 1048576K
GC Heap History (20 events):
Event: 523.268 GC heap before
{Heap before GC invocations=3560 (full 4):
 PSYoungGen      total 15872K, used 15849K [0x00000000d5580000, 0x00000000d6c00000, 0x0000000100000000)
  eden space 14848K, 99% used [0x00000000d5580000,0x00000000d63ffff8,0x00000000d6400000)
  from space 1024K, 97% used [0x00000000d6700000,0x00000000d67fa618,0x00000000d6800000)
  to   space 3072K, 0% used [0x00000000d6400000,0x00000000d6400000,0x00000000d6700000)
 ParOldGen       total 1210368K, used 1210227K [0x0000000080000000, 0x00000000c9e00000, 0x00000000d5580000)
  object space 1210368K, 99% used [0x0000000080000000,0x00000000c9ddcfb8,0x00000000c9e00000)
 Metaspace       used 94894K, committed 96896K, reserved 1179648K
  class space    used 12219K, committed 13120K, reserved 1048576K
}
Event: 523.272 GC heap after
{Heap after GC invocations=3560 (full 4):
 PSYoungGen      total 17920K, used 3069K [0x00000000d5580000, 0x00000000d7500000, 0x0000000100000000)
  eden space 14848K, 0% used [0x00000000d5580000,0x00000000d5580000,0x00000000d6400000)
  from space 3072K, 99% used [0x00000000d6400000,0x00000000d66ff420,0x00000000d6700000)
  to   space 8704K, 0% used [0x00000000d6c80000,0x00000000d6c80000,0x00000000d7500000)
 ParOldGen       total 1214976K, used 1214639K [0x0000000080000000, 0x00000000ca280000, 0x00000000d5580000)
  object space 1214976K, 99% used [0x0000000080000000,0x00000000ca22bfe8,0x00000000ca280000)
 Metaspace       used 94894K, committed 96896K, reserved 1179648K
  class space    used 12219K, committed 13120K, reserved 1048576K
}
Event: 523.765 GC heap before
{Heap before GC invocations=3561 (full 4):
 PSYoungGen      total 17920K, used 17917K [0x00000000d5580000, 0x00000000d7500000, 0x0000000100000000)
  eden space 14848K, 100% used [0x00000000d5580000,0x00000000d6400000,0x00000000d6400000)
  from space 3072K, 99% used [0x00000000d6400000,0x00000000d66ff420,0x00000000d6700000)
  to   space 8704K, 0% used [0x00000000d6c80000,0x00000000d6c80000,0x00000000d7500000)
 ParOldGen       total 1214976K, used 1214639K [0x0000000080000000, 0x00000000ca280000, 0x00000000d5580000)
  object space 1214976K, 99% used [0x0000000080000000,0x00000000ca22bfe8,0x00000000ca280000)
 Metaspace       used 95868K, committed 97792K, reserved 1179648K
  class space    used 12388K, committed 13248K, reserved 1048576K
}
Event: 523.770 GC heap after
{Heap after GC invocations=3561 (full 4):
 PSYoungGen      total 15872K, used 576K [0x00000000d5580000, 0x00000000d6d80000, 0x0000000100000000)
  eden space 14848K, 0% used [0x00000000d5580000,0x00000000d5580000,0x00000000d6400000)
  from space 1024K, 56% used [0x00000000d6c80000,0x00000000d6d10000,0x00000000d6d80000)
  to   space 3584K, 0% used [0x00000000d6680000,0x00000000d6680000,0x00000000d6a00000)
 ParOldGen       total 1218048K, used 1217679K [0x0000000080000000, 0x00000000ca580000, 0x00000000d5580000)
  object space 1218048K, 99% used [0x0000000080000000,0x00000000ca523cc8,0x00000000ca580000)
 Metaspace       used 95868K, committed 97792K, reserved 1179648K
  class space    used 12388K, committed 13248K, reserved 1048576K
}
Event: 527.085 GC heap before
{Heap before GC invocations=3562 (full 4):
 PSYoungGen      total 15872K, used 15417K [0x00000000d5580000, 0x00000000d6d80000, 0x0000000100000000)
  eden space 14848K, 99% used [0x00000000d5580000,0x00000000d63fe4d8,0x00000000d6400000)
  from space 1024K, 56% used [0x00000000d6c80000,0x00000000d6d10000,0x00000000d6d80000)
  to   space 3584K, 0% used [0x00000000d6680000,0x00000000d6680000,0x00000000d6a00000)
 ParOldGen       total 1218048K, used 1217679K [0x0000000080000000, 0x00000000ca580000, 0x00000000d5580000)
  object space 1218048K, 99% used [0x0000000080000000,0x00000000ca523cc8,0x00000000ca580000)
 Metaspace       used 95873K, committed 97856K, reserved 1179648K
  class space    used 12388K, committed 13248K, reserved 1048576K
}
Event: 527.090 GC heap after
{Heap after GC invocations=3562 (full 4):
 PSYoungGen      total 18432K, used 1053K [0x00000000d5580000, 0x00000000d6d00000, 0x0000000100000000)
  eden space 14848K, 0% used [0x00000000d5580000,0x00000000d5580000,0x00000000d6400000)
  from space 3584K, 29% used [0x00000000d6680000,0x00000000d67874d8,0x00000000d6a00000)
  to   space 1536K, 0% used [0x00000000d6b80000,0x00000000d6b80000,0x00000000d6d00000)
 ParOldGen       total 1218560K, used 1218095K [0x0000000080000000, 0x00000000ca600000, 0x00000000d5580000)
  object space 1218560K, 99% used [0x0000000080000000,0x00000000ca58bcc8,0x00000000ca600000)
 Metaspace       used 95873K, committed 97856K, reserved 1179648K
  class space    used 12388K, committed 13248K, reserved 1048576K
}
Event: 530.361 GC heap before
{Heap before GC invocations=3563 (full 4):
 PSYoungGen      total 18432K, used 15901K [0x00000000d5580000, 0x00000000d6d00000, 0x0000000100000000)
  eden space 14848K, 100% used [0x00000000d5580000,0x00000000d6400000,0x00000000d6400000)
  from space 3584K, 29% used [0x00000000d6680000,0x00000000d67874d8,0x00000000d6a00000)
  to   space 1536K, 0% used [0x00000000d6b80000,0x00000000d6b80000,0x00000000d6d00000)
 ParOldGen       total 1218560K, used 1218095K [0x0000000080000000, 0x00000000ca600000, 0x00000000d5580000)
  object space 1218560K, 99% used [0x0000000080000000,0x00000000ca58bcc8,0x00000000ca600000)
 Metaspace       used 96203K, committed 98176K, reserved 1179648K
  class space    used 12475K, committed 13376K, reserved 1048576K
}
Event: 530.364 GC heap after
{Heap after GC invocations=3563 (full 4):
 PSYoungGen      total 16384K, used 1533K [0x00000000d5580000, 0x00000000d6e00000, 0x0000000100000000)
  eden space 14848K, 0% used [0x00000000d5580000,0x00000000d5580000,0x00000000d6400000)
  from space 1536K, 99% used [0x00000000d6b80000,0x00000000d6cff778,0x00000000d6d00000)
  to   space 5120K, 0% used [0x00000000d6400000,0x00000000d6400000,0x00000000d6900000)
 ParOldGen       total 1221120K, used 1220965K [0x0000000080000000, 0x00000000ca880000, 0x00000000d5580000)
  object space 1221120K, 99% used [0x0000000080000000,0x00000000ca8595b8,0x00000000ca880000)
 Metaspace       used 96203K, committed 98176K, reserved 1179648K
  class space    used 12475K, committed 13376K, reserved 1048576K
}
Event: 530.542 GC heap before
{Heap before GC invocations=3564 (full 4):
 PSYoungGen      total 16384K, used 16381K [0x00000000d5580000, 0x00000000d6e00000, 0x0000000100000000)
  eden space 14848K, 100% used [0x00000000d5580000,0x00000000d6400000,0x00000000d6400000)
  from space 1536K, 99% used [0x00000000d6b80000,0x00000000d6cff778,0x00000000d6d00000)
  to   space 5120K, 0% used [0x00000000d6400000,0x00000000d6400000,0x00000000d6900000)
 ParOldGen       total 1221120K, used 1220965K [0x0000000080000000, 0x00000000ca880000, 0x00000000d5580000)
  object space 1221120K, 99% used [0x0000000080000000,0x00000000ca8595b8,0x00000000ca880000)
 Metaspace       used 97817K, committed 99840K, reserved 1179648K
  class space    used 12765K, committed 13696K, reserved 1048576K
}
Event: 530.546 GC heap after
{Heap after GC invocations=3564 (full 4):
 PSYoungGen      total 19968K, used 592K [0x00000000d5580000, 0x00000000d6c00000, 0x0000000100000000)
  eden space 14848K, 0% used [0x00000000d5580000,0x00000000d5580000,0x00000000d6400000)
  from space 5120K, 11% used [0x00000000d6400000,0x00000000d6494010,0x00000000d6900000)
  to   space 2048K, 0% used [0x00000000d6a00000,0x00000000d6a00000,0x00000000d6c00000)
 ParOldGen       total 1222656K, used 1222478K [0x0000000080000000, 0x00000000caa00000, 0x00000000d5580000)
  object space 1222656K, 99% used [0x0000000080000000,0x00000000ca9d38f0,0x00000000caa00000)
 Metaspace       used 97817K, committed 99840K, reserved 1179648K
  class space    used 12765K, committed 13696K, reserved 1048576K
}
Event: 530.715 GC heap before
{Heap before GC invocations=3565 (full 4):
 PSYoungGen      total 19968K, used 15440K [0x00000000d5580000, 0x00000000d6c00000, 0x0000000100000000)
  eden space 14848K, 100% used [0x00000000d5580000,0x00000000d6400000,0x00000000d6400000)
  from space 5120K, 11% used [0x00000000d6400000,0x00000000d6494010,0x00000000d6900000)
  to   space 2048K, 0% used [0x00000000d6a00000,0x00000000d6a00000,0x00000000d6c00000)
 ParOldGen       total 1222656K, used 1222478K [0x0000000080000000, 0x00000000caa00000, 0x00000000d5580000)
  object space 1222656K, 99% used [0x0000000080000000,0x00000000ca9d38f0,0x00000000caa00000)
 Metaspace       used 99239K, committed 101248K, reserved 1179648K
  class space    used 13020K, committed 13952K, reserved 1048576K
}
Event: 530.718 GC heap after
{Heap after GC invocations=3565 (full 4):
 PSYoungGen      total 15360K, used 448K [0x00000000d5580000, 0x00000000d6a80000, 0x0000000100000000)
  eden space 14848K, 0% used [0x00000000d5580000,0x00000000d5580000,0x00000000d6400000)
  from space 512K, 87% used [0x00000000d6a00000,0x00000000d6a70000,0x00000000d6a80000)
  to   space 1024K, 0% used [0x00000000d6880000,0x00000000d6880000,0x00000000d6980000)
 ParOldGen       total 1223168K, used 1222854K [0x0000000080000000, 0x00000000caa80000, 0x00000000d5580000)
  object space 1223168K, 99% used [0x0000000080000000,0x00000000caa31920,0x00000000caa80000)
 Metaspace       used 99239K, committed 101248K, reserved 1179648K
  class space    used 13020K, committed 13952K, reserved 1048576K
}
Event: 535.115 GC heap before
{Heap before GC invocations=3566 (full 4):
 PSYoungGen      total 15360K, used 15296K [0x00000000d5580000, 0x00000000d6a80000, 0x0000000100000000)
  eden space 14848K, 100% used [0x00000000d5580000,0x00000000d6400000,0x00000000d6400000)
  from space 512K, 87% used [0x00000000d6a00000,0x00000000d6a70000,0x00000000d6a80000)
  to   space 1024K, 0% used [0x00000000d6880000,0x00000000d6880000,0x00000000d6980000)
 ParOldGen       total 1223168K, used 1222854K [0x0000000080000000, 0x00000000caa80000, 0x00000000d5580000)
  object space 1223168K, 99% used [0x0000000080000000,0x00000000caa31920,0x00000000caa80000)
 Metaspace       used 100007K, committed 102080K, reserved 1179648K
  class space    used 13119K, committed 14080K, reserved 1048576K
}
Event: 535.119 GC heap after
{Heap after GC invocations=3566 (full 4):
 PSYoungGen      total 15872K, used 608K [0x00000000d5580000, 0x00000000d6a80000, 0x0000000100000000)
  eden space 14848K, 0% used [0x00000000d5580000,0x00000000d5580000,0x00000000d6400000)
  from space 1024K, 59% used [0x00000000d6880000,0x00000000d6918000,0x00000000d6980000)
  to   space 1024K, 0% used [0x00000000d6980000,0x00000000d6980000,0x00000000d6a80000)
 ParOldGen       total 1223168K, used 1223133K [0x0000000080000000, 0x00000000caa80000, 0x00000000d5580000)
  object space 1223168K, 99% used [0x0000000080000000,0x00000000caa77630,0x00000000caa80000)
 Metaspace       used 100007K, committed 102080K, reserved 1179648K
  class space    used 13119K, committed 14080K, reserved 1048576K
}
Event: 548.292 GC heap before
{Heap before GC invocations=3567 (full 4):
 PSYoungGen      total 15872K, used 15456K [0x00000000d5580000, 0x00000000d6a80000, 0x0000000100000000)
  eden space 14848K, 100% used [0x00000000d5580000,0x00000000d6400000,0x00000000d6400000)
  from space 1024K, 59% used [0x00000000d6880000,0x00000000d6918000,0x00000000d6980000)
  to   space 1024K, 0% used [0x00000000d6980000,0x00000000d6980000,0x00000000d6a80000)
 ParOldGen       total 1223168K, used 1223133K [0x0000000080000000, 0x00000000caa80000, 0x00000000d5580000)
  object space 1223168K, 99% used [0x0000000080000000,0x00000000caa77630,0x00000000caa80000)
 Metaspace       used 100373K, committed 102464K, reserved 1179648K
  class space    used 13150K, committed 14080K, reserved 1048576K
}
Event: 548.297 GC heap after
{Heap after GC invocations=3567 (full 4):
 PSYoungGen      total 15872K, used 704K [0x00000000d5580000, 0x00000000d6a80000, 0x0000000100000000)
  eden space 14848K, 0% used [0x00000000d5580000,0x00000000d5580000,0x00000000d6400000)
  from space 1024K, 68% used [0x00000000d6980000,0x00000000d6a30000,0x00000000d6a80000)
  to   space 1024K, 0% used [0x00000000d6880000,0x00000000d6880000,0x00000000d6980000)
 ParOldGen       total 1223680K, used 1223477K [0x0000000080000000, 0x00000000cab00000, 0x00000000d5580000)
  object space 1223680K, 99% used [0x0000000080000000,0x00000000caacd630,0x00000000cab00000)
 Metaspace       used 100373K, committed 102464K, reserved 1179648K
  class space    used 13150K, committed 14080K, reserved 1048576K
}
Event: 586.040 GC heap before
{Heap before GC invocations=3568 (full 4):
 PSYoungGen      total 15872K, used 15552K [0x00000000d5580000, 0x00000000d6a80000, 0x0000000100000000)
  eden space 14848K, 100% used [0x00000000d5580000,0x00000000d6400000,0x00000000d6400000)
  from space 1024K, 68% used [0x00000000d6980000,0x00000000d6a30000,0x00000000d6a80000)
  to   space 1024K, 0% used [0x00000000d6880000,0x00000000d6880000,0x00000000d6980000)
 ParOldGen       total 1223680K, used 1223477K [0x0000000080000000, 0x00000000cab00000, 0x00000000d5580000)
  object space 1223680K, 99% used [0x0000000080000000,0x00000000caacd630,0x00000000cab00000)
 Metaspace       used 100572K, committed 102656K, reserved 1179648K
  class space    used 13185K, committed 14144K, reserved 1048576K
}
Event: 586.328 GC heap after
{Heap after GC invocations=3568 (full 4):
 PSYoungGen      total 15872K, used 1016K [0x00000000d5580000, 0x00000000d6d00000, 0x0000000100000000)
  eden space 14848K, 0% used [0x00000000d5580000,0x00000000d5580000,0x00000000d6400000)
  from space 1024K, 99% used [0x00000000d6880000,0x00000000d697e020,0x00000000d6980000)
  to   space 3584K, 0% used [0x00000000d6980000,0x00000000d6980000,0x00000000d6d00000)
 ParOldGen       total 1226240K, used 1226104K [0x0000000080000000, 0x00000000cad80000, 0x00000000d5580000)
  object space 1226240K, 99% used [0x0000000080000000,0x00000000cad5e360,0x00000000cad80000)
 Metaspace       used 100572K, committed 102656K, reserved 1179648K
  class space    used 13185K, committed 14144K, reserved 1048576K
}
Event: 586.702 GC heap before
{Heap before GC invocations=3569 (full 4):
 PSYoungGen      total 15872K, used 15864K [0x00000000d5580000, 0x00000000d6d00000, 0x0000000100000000)
  eden space 14848K, 100% used [0x00000000d5580000,0x00000000d6400000,0x00000000d6400000)
  from space 1024K, 99% used [0x00000000d6880000,0x00000000d697e020,0x00000000d6980000)
  to   space 3584K, 0% used [0x00000000d6980000,0x00000000d6980000,0x00000000d6d00000)
 ParOldGen       total 1226240K, used 1226104K [0x0000000080000000, 0x00000000cad80000, 0x00000000d5580000)
  object space 1226240K, 99% used [0x0000000080000000,0x00000000cad5e360,0x00000000cad80000)
 Metaspace       used 100679K, committed 102784K, reserved 1179648K
  class space    used 13194K, committed 14144K, reserved 1048576K
}
Event: 586.710 GC heap after
{Heap after GC invocations=3569 (full 4):
 PSYoungGen      total 18432K, used 3552K [0x00000000d5580000, 0x00000000d6f00000, 0x0000000100000000)
  eden space 14848K, 0% used [0x00000000d5580000,0x00000000d5580000,0x00000000d6400000)
  from space 3584K, 99% used [0x00000000d6980000,0x00000000d6cf8010,0x00000000d6d00000)
  to   space 5632K, 0% used [0x00000000d6400000,0x00000000d6400000,0x00000000d6980000)
 ParOldGen       total 1227776K, used 1227592K [0x0000000080000000, 0x00000000caf00000, 0x00000000d5580000)
  object space 1227776K, 99% used [0x0000000080000000,0x00000000caed2370,0x00000000caf00000)
 Metaspace       used 100679K, committed 102784K, reserved 1179648K
  class space    used 13194K, committed 14144K, reserved 1048576K
}

